------------------------
states = 
state 0:  items:    _startstart ->  . start
  actions:    action 'PLUS' (noprec):   shift 3
    action 'MINUS' (noprec):   shift 6
    action 'STAR' (noprec):   shift 9
    action 'EOF' (noprec):   error
    action 'INT' (noprec):   shift 12
    action 'error' (noprec):   error
    action '#' (noprec):   error
    action '$$' (noprec):   error
  immediate action: <none>  gotos:    goto start: 1
    goto expr: 2
state 1:  items:    _startstart -> start . 
  actions:    action 'PLUS' (noprec):   accept
    action 'MINUS' (noprec):   accept
    action 'STAR' (noprec):   accept
    action 'EOF' (noprec):   accept
    action 'INT' (noprec):   accept
    action 'error' (noprec):   accept
    action '#' (noprec):   accept
    action '$$' (noprec):   accept
  immediate action:   accept  gotos:state 2:  items:    start -> expr . 
  actions:    action 'PLUS' (noprec):   reduce start --> expr
    action 'MINUS' (noprec):   reduce start --> expr
    action 'STAR' (noprec):   reduce start --> expr
    action 'EOF' (noprec):   reduce start --> expr
    action 'INT' (noprec):   reduce start --> expr
    action 'error' (noprec):   reduce start --> expr
    action '#' (noprec):   reduce start --> expr
    action '$$' (noprec):   reduce start --> expr
  immediate action:   reduce start --> expr  gotos:state 3:  items:    expr -> 'PLUS' . expr expr
  actions:    action 'PLUS' (noprec):   shift 3
    action 'MINUS' (noprec):   shift 6
    action 'STAR' (noprec):   shift 9
    action 'EOF' (noprec):   error
    action 'INT' (noprec):   shift 12
    action 'error' (noprec):   error
    action '#' (noprec):   error
    action '$$' (noprec):   error
  immediate action: <none>  gotos:    goto expr: 4
state 4:  items:    expr -> 'PLUS' expr . expr
  actions:    action 'PLUS' (noprec):   shift 3
    action 'MINUS' (noprec):   shift 6
    action 'STAR' (noprec):   shift 9
    action 'EOF' (noprec):   error
    action 'INT' (noprec):   shift 12
    action 'error' (noprec):   error
    action '#' (noprec):   error
    action '$$' (noprec):   error
  immediate action: <none>  gotos:    goto expr: 5
state 5:  items:    expr -> 'PLUS' expr expr . 
  actions:    action 'PLUS' (noprec):   reduce expr --> 'PLUS' expr expr
    action 'MINUS' (noprec):   reduce expr --> 'PLUS' expr expr
    action 'STAR' (noprec):   reduce expr --> 'PLUS' expr expr
    action 'EOF' (noprec):   reduce expr --> 'PLUS' expr expr
    action 'INT' (noprec):   reduce expr --> 'PLUS' expr expr
    action 'error' (noprec):   reduce expr --> 'PLUS' expr expr
    action '#' (noprec):   reduce expr --> 'PLUS' expr expr
    action '$$' (noprec):   reduce expr --> 'PLUS' expr expr
  immediate action:   reduce expr --> 'PLUS' expr expr  gotos:state 6:  items:    expr -> 'MINUS' . expr expr
  actions:    action 'PLUS' (noprec):   shift 3
    action 'MINUS' (noprec):   shift 6
    action 'STAR' (noprec):   shift 9
    action 'EOF' (noprec):   error
    action 'INT' (noprec):   shift 12
    action 'error' (noprec):   error
    action '#' (noprec):   error
    action '$$' (noprec):   error
  immediate action: <none>  gotos:    goto expr: 7
state 7:  items:    expr -> 'MINUS' expr . expr
  actions:    action 'PLUS' (noprec):   shift 3
    action 'MINUS' (noprec):   shift 6
    action 'STAR' (noprec):   shift 9
    action 'EOF' (noprec):   error
    action 'INT' (noprec):   shift 12
    action 'error' (noprec):   error
    action '#' (noprec):   error
    action '$$' (noprec):   error
  immediate action: <none>  gotos:    goto expr: 8
state 8:  items:    expr -> 'MINUS' expr expr . 
  actions:    action 'PLUS' (noprec):   reduce expr --> 'MINUS' expr expr
    action 'MINUS' (noprec):   reduce expr --> 'MINUS' expr expr
    action 'STAR' (noprec):   reduce expr --> 'MINUS' expr expr
    action 'EOF' (noprec):   reduce expr --> 'MINUS' expr expr
    action 'INT' (noprec):   reduce expr --> 'MINUS' expr expr
    action 'error' (noprec):   reduce expr --> 'MINUS' expr expr
    action '#' (noprec):   reduce expr --> 'MINUS' expr expr
    action '$$' (noprec):   reduce expr --> 'MINUS' expr expr
  immediate action:   reduce expr --> 'MINUS' expr expr  gotos:state 9:  items:    expr -> 'STAR' . expr expr
  actions:    action 'PLUS' (noprec):   shift 3
    action 'MINUS' (noprec):   shift 6
    action 'STAR' (noprec):   shift 9
    action 'EOF' (noprec):   error
    action 'INT' (noprec):   shift 12
    action 'error' (noprec):   error
    action '#' (noprec):   error
    action '$$' (noprec):   error
  immediate action: <none>  gotos:    goto expr: 10
state 10:  items:    expr -> 'STAR' expr . expr
  actions:    action 'PLUS' (noprec):   shift 3
    action 'MINUS' (noprec):   shift 6
    action 'STAR' (noprec):   shift 9
    action 'EOF' (noprec):   error
    action 'INT' (noprec):   shift 12
    action 'error' (noprec):   error
    action '#' (noprec):   error
    action '$$' (noprec):   error
  immediate action: <none>  gotos:    goto expr: 11
state 11:  items:    expr -> 'STAR' expr expr . 
  actions:    action 'PLUS' (noprec):   reduce expr --> 'STAR' expr expr
    action 'MINUS' (noprec):   reduce expr --> 'STAR' expr expr
    action 'STAR' (noprec):   reduce expr --> 'STAR' expr expr
    action 'EOF' (noprec):   reduce expr --> 'STAR' expr expr
    action 'INT' (noprec):   reduce expr --> 'STAR' expr expr
    action 'error' (noprec):   reduce expr --> 'STAR' expr expr
    action '#' (noprec):   reduce expr --> 'STAR' expr expr
    action '$$' (noprec):   reduce expr --> 'STAR' expr expr
  immediate action:   reduce expr --> 'STAR' expr expr  gotos:state 12:  items:    expr -> 'INT' . 
  actions:    action 'PLUS' (noprec):   reduce expr --> 'INT'
    action 'MINUS' (noprec):   reduce expr --> 'INT'
    action 'STAR' (noprec):   reduce expr --> 'INT'
    action 'EOF' (noprec):   reduce expr --> 'INT'
    action 'INT' (noprec):   reduce expr --> 'INT'
    action 'error' (noprec):   reduce expr --> 'INT'
    action '#' (noprec):   reduce expr --> 'INT'
    action '$$' (noprec):   reduce expr --> 'INT'
  immediate action:   reduce expr --> 'INT'  gotos:
startStates = 0
------------------------
        Output file describing compiled parser placed in Parser.fs and Parser.fsi
